<?xml version="1.0" encoding="UTF-8"?>
<testng-results ignored="0" total="1" passed="1" failed="0" skipped="0">
  <reporter-output>
  </reporter-output>
  <suite started-at="2024-12-07T14:05:06 EST" name="Suite" finished-at="2024-12-07T14:05:22 EST" duration-ms="16926">
    <groups>
    </groups>
    <test started-at="2024-12-07T14:05:06 EST" name="Test" finished-at="2024-12-07T14:05:22 EST" duration-ms="16926">
      <class name="testCases.LoginTest">
        <test-method is-config="true" signature="setUp()[pri:0, instance:testCases.LoginTest@7393222f]" started-at="2024-12-07T14:05:06 EST" name="setUp" finished-at="2024-12-07T14:05:11 EST" duration-ms="5212" status="PASS">
          <reporter-output>
          </reporter-output>
        </test-method> <!-- setUp -->
        <test-method signature="Testlogin()[pri:0, instance:testCases.LoginTest@7393222f]" started-at="2024-12-07T14:05:11 EST" name="Testlogin" finished-at="2024-12-07T14:05:22 EST" duration-ms="11248" status="PASS">
          <reporter-output>
          </reporter-output>
        </test-method> <!-- Testlogin -->
        <test-method is-config="true" signature="tearDown()[pri:0, instance:testCases.LoginTest@7393222f]" started-at="2024-12-07T14:05:22 EST" name="tearDown" finished-at="2024-12-07T14:05:22 EST" duration-ms="407" status="PASS">
          <reporter-output>
          </reporter-output>
        </test-method> <!-- tearDown -->
      </class> <!-- testCases.LoginTest -->
    </test> <!-- Test -->
  </suite> <!-- Suite -->
</testng-results>
