<?xml version="1.0" encoding="UTF-8"?>
<testng-results ignored="0" total="1" passed="1" failed="0" skipped="0">
  <reporter-output>
  </reporter-output>
  <suite started-at="2024-12-07T18:20:53Z" name="Suite" finished-at="2024-12-07T18:21:15Z" duration-ms="21171">
    <groups>
    </groups>
    <test started-at="2024-12-07T18:20:53Z" name="Test" finished-at="2024-12-07T18:21:15Z" duration-ms="21171">
      <class name="testCases.LoginTest">
        <test-method is-config="true" signature="setUp()[pri:0, instance:testCases.LoginTest@47af7f3d]" started-at="2024-12-07T13:20:53Z" name="setUp" finished-at="2024-12-07T13:21:03Z" duration-ms="9426" status="PASS">
          <reporter-output>
          </reporter-output>
        </test-method> <!-- setUp -->
        <test-method signature="Testlogin()[pri:0, instance:testCases.LoginTest@47af7f3d]" started-at="2024-12-07T13:21:03Z" name="Testlogin" finished-at="2024-12-07T13:21:14Z" duration-ms="11296" status="PASS">
          <reporter-output>
          </reporter-output>
        </test-method> <!-- Testlogin -->
        <test-method is-config="true" signature="tearDown()[pri:0, instance:testCases.LoginTest@47af7f3d]" started-at="2024-12-07T13:21:14Z" name="tearDown" finished-at="2024-12-07T13:21:15Z" duration-ms="389" status="PASS">
          <reporter-output>
          </reporter-output>
        </test-method> <!-- tearDown -->
      </class> <!-- testCases.LoginTest -->
    </test> <!-- Test -->
  </suite> <!-- Suite -->
</testng-results>
